<?xml version="1.0" encoding="utf-8"?><testsuites name="pytest tests"><testsuite name="pytest" errors="0" failures="0" skipped="0" tests="51" time="18.000" timestamp="2026-03-08T22:23:58.578753+00:00" hostname="agent-env-1fd986b3-c384-4df8-9748-219a9a9cfc3f"><testcase classname="backend.tests.test_api.TestAuth" name="test_health_check" time="0.378" /><testcase classname="backend.tests.test_api.TestAuth" name="test_login_returns_success_and_token" time="0.172" /><testcase classname="backend.tests.test_api.TestAuth" name="test_login_response_has_message" time="0.220" /><testcase classname="backend.tests.test_api.TestAuth" name="test_login_invalid_pin" time="0.165" /><testcase classname="backend.tests.test_api.TestAuth" name="test_verify_valid_token" time="0.275" /><testcase classname="backend.tests.test_api.TestAuth" name="test_verify_invalid_token" time="0.183" /><testcase classname="backend.tests.test_api.TestSettings" name="test_get_settings" time="0.156" /><testcase classname="backend.tests.test_api.TestSettings" name="test_get_settings_new_safety_fields" time="0.195" /><testcase classname="backend.tests.test_api.TestSettings" name="test_update_settings" time="0.344" /><testcase classname="backend.tests.test_api.TestTokenScanner" name="test_scan_tokens" time="1.424" /><testcase classname="backend.tests.test_api.TestTokenScanner" name="test_scan_tokens_fields" time="0.494" /><testcase classname="backend.tests.test_api.TestTokenScanner" name="test_sol_price_endpoint" time="0.307" /><testcase classname="backend.tests.test_api.TestTrades" name="test_create_paper_trade" time="0.247" /><testcase classname="backend.tests.test_api.TestTrades" name="test_trade_has_tx_signature_field" time="0.303" /><testcase classname="backend.tests.test_api.TestTrades" name="test_get_trades" time="0.177" /><testcase classname="backend.tests.test_api.TestTrades" name="test_get_trades_by_status" time="0.237" /><testcase classname="backend.tests.test_api.TestTrades" name="test_close_trade" time="0.220" /><testcase classname="backend.tests.test_api.TestPortfolio" name="test_get_portfolio" time="0.178" /><testcase classname="backend.tests.test_api.TestPortfolio" name="test_portfolio_has_safety_status_fields" time="0.193" /><testcase classname="backend.tests.test_api.TestTradingOpportunities" name="test_get_opportunities" time="0.666" /><testcase classname="backend.tests.test_api.TestTradingOpportunities" name="test_opportunities_structure" time="0.522" /><testcase classname="backend.tests.test_api.TestAutoTrading" name="test_auto_trading_status_initial" time="0.198" /><testcase classname="backend.tests.test_api.TestAutoTrading" name="test_auto_trading_start" time="0.380" /><testcase classname="backend.tests.test_api.TestAutoTrading" name="test_auto_trading_stop" time="0.802" /><testcase classname="backend.tests.test_api.TestAutoTrading" name="test_auto_trading_opportunities_endpoint" time="0.169" /><testcase classname="backend.tests.test_api.TestAutoTrading" name="test_auto_trading_status_has_scan_interval_3_seconds" time="0.171" /><testcase classname="backend.tests.test_api.TestMomentumThresholds" name="test_settings_has_momentum_thresholds" time="0.147" /><testcase classname="backend.tests.test_api.TestMomentumThresholds" name="test_momentum_thresholds_values" time="0.152" /><testcase classname="backend.tests.test_api.TestTokenFilters" name="test_min_liquidity_filter" time="0.161" /><testcase classname="backend.tests.test_api.TestTokenFilters" name="test_min_volume_filter" time="0.221" /><testcase classname="backend.tests.test_api.TestTokenFilters" name="test_scan_interval_is_3_seconds" time="0.160" /><testcase classname="backend.tests.test_api.TestSystemHealth" name="test_system_health_endpoint_exists" time="0.552" /><testcase classname="backend.tests.test_api.TestSystemHealth" name="test_system_health_has_all_components" time="0.547" /><testcase classname="backend.tests.test_api.TestSystemHealth" name="test_system_health_component_types" time="0.462" /><testcase classname="backend.tests.test_api.TestSystemHealth" name="test_system_health_database_connected" time="0.475" /><testcase classname="backend.tests.test_api.TestSystemHealth" name="test_system_health_rpc_connected" time="0.533" /><testcase classname="backend.tests.test_api.TestSystemHealth" name="test_system_health_trading_engine_ok" time="0.519" /><testcase classname="backend.tests.test_api.TestWalletBalance" name="test_wallet_balance_endpoint_exists" time="0.177" /><testcase classname="backend.tests.test_api.TestWalletBalance" name="test_wallet_balance_no_address" time="0.161" /><testcase classname="backend.tests.test_api.TestWalletBalance" name="test_wallet_balance_with_valid_address" time="0.451" /><testcase classname="backend.tests.test_api.TestWalletBalance" name="test_wallet_balance_response_structure" time="0.417" /><testcase classname="backend.tests.test_api.TestLossStreakReset" name="test_reset_loss_streak_endpoint_exists" time="0.207" /><testcase classname="backend.tests.test_api.TestLossStreakReset" name="test_reset_loss_streak_returns_success" time="0.200" /><testcase classname="backend.tests.test_api.TestLossStreakReset" name="test_reset_loss_streak_has_previous_streak_info" time="0.162" /><testcase classname="backend.tests.test_api.TestLossStreakReset" name="test_reset_loss_streak_has_note" time="0.189" /><testcase classname="backend.tests.test_api.TestCanEnableLive" name="test_can_enable_live_endpoint_exists" time="0.537" /><testcase classname="backend.tests.test_api.TestCanEnableLive" name="test_can_enable_live_has_can_enable_flag" time="0.554" /><testcase classname="backend.tests.test_api.TestCanEnableLive" name="test_can_enable_live_has_blockers_list" time="0.474" /><testcase classname="backend.tests.test_api.TestCanEnableLive" name="test_can_enable_live_has_warnings_list" time="0.529" /><testcase classname="backend.tests.test_api.TestCanEnableLive" name="test_can_enable_live_has_system_health" time="0.518" /><testcase classname="backend.tests.test_api.TestCanEnableLive" name="test_can_enable_live_has_portfolio_info" time="0.579" /></testsuite></testsuites>