<?xml version="1.0" encoding="utf-8"?><testsuites name="pytest tests"><testsuite name="pytest" errors="0" failures="0" skipped="0" tests="21" time="5.143" timestamp="2026-03-08T20:58:37.681913+00:00" hostname="agent-env-1fd986b3-c384-4df8-9748-219a9a9cfc3f"><testcase classname="backend.tests.test_api.TestAuth" name="test_health_check" time="0.283" /><testcase classname="backend.tests.test_api.TestAuth" name="test_login_returns_success_and_token" time="0.218" /><testcase classname="backend.tests.test_api.TestAuth" name="test_login_response_has_message" time="0.149" /><testcase classname="backend.tests.test_api.TestAuth" name="test_login_invalid_pin" time="0.345" /><testcase classname="backend.tests.test_api.TestAuth" name="test_verify_valid_token" time="0.205" /><testcase classname="backend.tests.test_api.TestAuth" name="test_verify_invalid_token" time="0.176" /><testcase classname="backend.tests.test_api.TestSettings" name="test_get_settings" time="0.177" /><testcase classname="backend.tests.test_api.TestSettings" name="test_get_settings_new_safety_fields" time="0.160" /><testcase classname="backend.tests.test_api.TestSettings" name="test_update_settings" time="0.343" /><testcase classname="backend.tests.test_api.TestTokenScanner" name="test_scan_tokens" time="0.372" /><testcase classname="backend.tests.test_api.TestTokenScanner" name="test_scan_tokens_fields" time="0.285" /><testcase classname="backend.tests.test_api.TestTokenScanner" name="test_sol_price_endpoint" time="0.330" /><testcase classname="backend.tests.test_api.TestTrades" name="test_create_paper_trade" time="0.221" /><testcase classname="backend.tests.test_api.TestTrades" name="test_trade_has_tx_signature_field" time="0.230" /><testcase classname="backend.tests.test_api.TestTrades" name="test_get_trades" time="0.162" /><testcase classname="backend.tests.test_api.TestTrades" name="test_get_trades_by_status" time="0.201" /><testcase classname="backend.tests.test_api.TestTrades" name="test_close_trade" time="0.253" /><testcase classname="backend.tests.test_api.TestPortfolio" name="test_get_portfolio" time="0.161" /><testcase classname="backend.tests.test_api.TestPortfolio" name="test_portfolio_has_safety_status_fields" time="0.195" /><testcase classname="backend.tests.test_api.TestTradingOpportunities" name="test_get_opportunities" time="0.319" /><testcase classname="backend.tests.test_api.TestTradingOpportunities" name="test_opportunities_structure" time="0.321" /></testsuite></testsuites>